{
  "stats": {
    "suites": 1,
    "tests": 1,
    "passes": 1,
    "pending": 0,
    "failures": 0,
    "start": "2023-01-16T08:11:45.647Z",
    "end": "2023-01-16T08:11:45.705Z",
    "duration": 58,
    "testsRegistered": 1,
    "passPercent": 100,
    "pendingPercent": 0,
    "other": 0,
    "hasOther": false,
    "skipped": 0,
    "hasSkipped": false
  },
  "results": [
    {
      "uuid": "f6d047ff-c95d-434a-8589-d6349f08dbc9",
      "title": "",
      "fullFile": "C:\\labs\\labs_library\\unit-testing-mocha\\test-endpoint\\find.test.js",
      "file": "\\test-endpoint\\find.test.js",
      "beforeHooks": [],
      "afterHooks": [],
      "tests": [],
      "suites": [
        {
          "uuid": "0bddbad7-7dc7-4887-a281-88d778e96009",
          "title": "API endpoint test find",
          "fullFile": "C:\\labs\\labs_library\\unit-testing-mocha\\test-endpoint\\find.test.js",
          "file": "\\test-endpoint\\find.test.js",
          "beforeHooks": [],
          "afterHooks": [],
          "tests": [
            {
              "title": "should return all data on /data GET",
              "fullTitle": "API endpoint test find should return all data on /data GET",
              "timedOut": false,
              "duration": 45,
              "state": "passed",
              "speed": "medium",
              "pass": true,
              "fail": false,
              "pending": false,
              "context": null,
              "code": "chai.request(app)\n    .get('/data')\n    .end((err, res) => {\n        res.should.have.status(200);\n        res.body.should.be.a('array');\n        fs.writeFileSync('log.json', JSON.stringify(res.body))\n        done();\n    });",
              "err": {},
              "uuid": "b533834d-194e-4572-9f56-368c4a9127b3",
              "parentUUID": "0bddbad7-7dc7-4887-a281-88d778e96009",
              "isHook": false,
              "skipped": false
            }
          ],
          "suites": [],
          "passes": [
            "b533834d-194e-4572-9f56-368c4a9127b3"
          ],
          "failures": [],
          "pending": [],
          "skipped": [],
          "duration": 45,
          "root": false,
          "rootEmpty": false,
          "_timeout": 2000
        }
      ],
      "passes": [],
      "failures": [],
      "pending": [],
      "skipped": [],
      "duration": 0,
      "root": true,
      "rootEmpty": true,
      "_timeout": 2000
    }
  ],
  "meta": {
    "mocha": {
      "version": "10.2.0"
    },
    "mochawesome": {
      "options": {
        "quiet": false,
        "reportFilename": "mochawesome",
        "saveHtml": true,
        "saveJson": true,
        "consoleReporter": "spec",
        "useInlineDiffs": false,
        "code": true
      },
      "version": "7.1.3"
    },
    "marge": {
      "options": null,
      "version": "6.2.0"
    }
  }
}