{
  "stats": {
    "suites": 1,
    "tests": 2,
    "passes": 2,
    "pending": 0,
    "failures": 0,
    "start": "2023-01-16T02:21:06.533Z",
    "end": "2023-01-16T02:21:06.538Z",
    "duration": 5,
    "testsRegistered": 2,
    "passPercent": 100,
    "pendingPercent": 0,
    "other": 0,
    "hasOther": false,
    "skipped": 0,
    "hasSkipped": false
  },
  "results": [
    {
      "uuid": "0f79ad9f-ccdc-4f2c-b800-b6aa2103ab3e",
      "title": "",
      "fullFile": "C:\\labs\\labs_library\\unit-testing-mocha\\test-endpoint\\conditional.test.js",
      "file": "\\test-endpoint\\conditional.test.js",
      "beforeHooks": [],
      "afterHooks": [],
      "tests": [],
      "suites": [
        {
          "uuid": "8a17db02-9c70-4449-af68-6490a6bc821b",
          "title": "My Function",
          "fullFile": "C:\\labs\\labs_library\\unit-testing-mocha\\test-endpoint\\conditional.test.js",
          "file": "\\test-endpoint\\conditional.test.js",
          "beforeHooks": [],
          "afterHooks": [],
          "tests": [
            {
              "title": "should return \"Lulus\" if score is above 50",
              "fullTitle": "My Function should return \"Lulus\" if score is above 50",
              "timedOut": false,
              "duration": 1,
              "state": "passed",
              "speed": "fast",
              "pass": true,
              "fail": false,
              "pending": false,
              "context": null,
              "code": "const score = 55;\nconst result = checkScore(score);\nassert.equal(result, 'Lulus');",
              "err": {},
              "uuid": "c78eaa88-e8de-4d50-b15c-7ed9c9420179",
              "parentUUID": "8a17db02-9c70-4449-af68-6490a6bc821b",
              "isHook": false,
              "skipped": false
            },
            {
              "title": "should return \"Gagal\" if score is below 50",
              "fullTitle": "My Function should return \"Gagal\" if score is below 50",
              "timedOut": false,
              "duration": 0,
              "state": "passed",
              "speed": "fast",
              "pass": true,
              "fail": false,
              "pending": false,
              "context": null,
              "code": "const score = 45;\nconst result = checkScore(score);\nassert.equal(result, 'Gagal');",
              "err": {},
              "uuid": "cead9582-13d8-4760-9c1b-5b697fc72106",
              "parentUUID": "8a17db02-9c70-4449-af68-6490a6bc821b",
              "isHook": false,
              "skipped": false
            }
          ],
          "suites": [],
          "passes": [
            "c78eaa88-e8de-4d50-b15c-7ed9c9420179",
            "cead9582-13d8-4760-9c1b-5b697fc72106"
          ],
          "failures": [],
          "pending": [],
          "skipped": [],
          "duration": 1,
          "root": false,
          "rootEmpty": false,
          "_timeout": 2000
        }
      ],
      "passes": [],
      "failures": [],
      "pending": [],
      "skipped": [],
      "duration": 0,
      "root": true,
      "rootEmpty": true,
      "_timeout": 2000
    }
  ],
  "meta": {
    "mocha": {
      "version": "10.2.0"
    },
    "mochawesome": {
      "options": {
        "quiet": false,
        "reportFilename": "mochawesome",
        "saveHtml": true,
        "saveJson": true,
        "consoleReporter": "spec",
        "useInlineDiffs": false,
        "code": true
      },
      "version": "7.1.3"
    },
    "marge": {
      "options": null,
      "version": "6.2.0"
    }
  }
}