{
  "stats": {
    "suites": 1,
    "tests": 4,
    "passes": 3,
    "pending": 0,
    "failures": 1,
    "start": "2023-01-16T00:05:03.530Z",
    "end": "2023-01-16T00:05:03.631Z",
    "duration": 101,
    "testsRegistered": 4,
    "passPercent": 75,
    "pendingPercent": 0,
    "other": 0,
    "hasOther": false,
    "skipped": 0,
    "hasSkipped": false
  },
  "results": [
    {
      "uuid": "565805f8-0678-4e1c-a437-a2e1957863bc",
      "title": "",
      "fullFile": "C:\\labs\\labs_library\\unit-testing-mocha\\test-endpoint\\endpoint.test.js",
      "file": "\\test-endpoint\\endpoint.test.js",
      "beforeHooks": [],
      "afterHooks": [],
      "tests": [],
      "suites": [
        {
          "uuid": "e158dc4e-1afd-4439-a0c0-d38486324fa7",
          "title": "API endpoint test",
          "fullFile": "C:\\labs\\labs_library\\unit-testing-mocha\\test-endpoint\\endpoint.test.js",
          "file": "\\test-endpoint\\endpoint.test.js",
          "beforeHooks": [],
          "afterHooks": [],
          "tests": [
            {
              "title": "should return all data on /data GET",
              "fullTitle": "API endpoint test should return all data on /data GET",
              "timedOut": false,
              "duration": 39,
              "state": "passed",
              "speed": "medium",
              "pass": true,
              "fail": false,
              "pending": false,
              "context": null,
              "code": "chai.request(app)\n    .get('/data')\n    .end((err, res) => {\n        res.should.have.status(200);\n        res.body.should.be.a('array');\n        done();\n    });",
              "err": {},
              "uuid": "726bec31-afa6-4686-92b6-0d72ba08c19d",
              "parentUUID": "e158dc4e-1afd-4439-a0c0-d38486324fa7",
              "isHook": false,
              "skipped": false
            },
            {
              "title": "should add an item on /add POST",
              "fullTitle": "API endpoint test should add an item on /add POST",
              "timedOut": false,
              "duration": 24,
              "state": "passed",
              "speed": "fast",
              "pass": true,
              "fail": false,
              "pending": false,
              "context": null,
              "code": "const item = {\n    name: 'caca',\n    age: 18\n}\nchai.request(app)\n    .post('/add')\n    .send(item)\n    .end((err, res) => {\n        res.should.have.status(200);\n        res.body.should.be.a('object');\n        res.body.should.have.property('name');\n        res.body.should.have.property('age');\n        done();\n    });",
              "err": {},
              "uuid": "99310170-9a80-4ff2-9c47-b6c2451360e1",
              "parentUUID": "e158dc4e-1afd-4439-a0c0-d38486324fa7",
              "isHook": false,
              "skipped": false
            },
            {
              "title": "should update an item on /edit/:id PUT",
              "fullTitle": "API endpoint test should update an item on /edit/:id PUT",
              "timedOut": false,
              "duration": 17,
              "state": "failed",
              "speed": null,
              "pass": false,
              "fail": true,
              "pending": false,
              "context": null,
              "code": "const item = {\n    name: 'wahyudi tayo',\n    age: 18\n}\nchai.request(app)\n    .put('/edit/63c36a543b330936ca9dab1c')\n    .send(item)\n    .end((err, res) => {\n        res.should.have.status(200);\n        res.body.should.be.a('object');\n        res.body.should.have.property('name').eql('wahyudi tayo');\n        res.body.should.have.property('age').eql(18);\n        done();\n    });",
              "err": {
                "message": "AssertionError: expected {} to have property 'name'",
                "estack": "AssertionError: expected {} to have property 'name'\n    at C:\\labs\\labs_library\\unit-testing-mocha\\test-endpoint\\endpoint.test.js:47:38\n    at Request.callback (node_modules\\superagent\\lib\\node\\index.js:716:12)\n    at C:\\labs\\labs_library\\unit-testing-mocha\\node_modules\\superagent\\lib\\node\\index.js:916:18\n    at IncomingMessage.<anonymous> (node_modules\\superagent\\lib\\node\\parsers\\json.js:19:7)\n    at IncomingMessage.emit (node:events:525:35)\n    at endReadableNT (node:internal/streams/readable:1359:12)\n    at process.processTicksAndRejections (node:internal/process/task_queues:82:21)",
                "diff": null
              },
              "uuid": "c12d8ee7-41a2-46f7-ac5c-1f5386ee2ce4",
              "parentUUID": "e158dc4e-1afd-4439-a0c0-d38486324fa7",
              "isHook": false,
              "skipped": false
            },
            {
              "title": "should delete an item on /delete/:id DELETE",
              "fullTitle": "API endpoint test should delete an item on /delete/:id DELETE",
              "timedOut": false,
              "duration": 7,
              "state": "passed",
              "speed": "fast",
              "pass": true,
              "fail": false,
              "pending": false,
              "context": null,
              "code": "chai.request(app)\n    .delete('/delete/63c36a543b330936ca9dab1c')\n    .end((err, res) => {\n        res.should.have.status(200);\n        res.body.should.be.a('object');\n        res.body.should.have.property('success').eql(true);\n        done();\n    });",
              "err": {},
              "uuid": "7123c9db-8ff0-4dbb-a45b-048cb524be9e",
              "parentUUID": "e158dc4e-1afd-4439-a0c0-d38486324fa7",
              "isHook": false,
              "skipped": false
            }
          ],
          "suites": [],
          "passes": [
            "726bec31-afa6-4686-92b6-0d72ba08c19d",
            "99310170-9a80-4ff2-9c47-b6c2451360e1",
            "7123c9db-8ff0-4dbb-a45b-048cb524be9e"
          ],
          "failures": [
            "c12d8ee7-41a2-46f7-ac5c-1f5386ee2ce4"
          ],
          "pending": [],
          "skipped": [],
          "duration": 87,
          "root": false,
          "rootEmpty": false,
          "_timeout": 2000
        }
      ],
      "passes": [],
      "failures": [],
      "pending": [],
      "skipped": [],
      "duration": 0,
      "root": true,
      "rootEmpty": true,
      "_timeout": 2000
    }
  ],
  "meta": {
    "mocha": {
      "version": "10.2.0"
    },
    "mochawesome": {
      "options": {
        "quiet": false,
        "reportFilename": "mochawesome",
        "saveHtml": true,
        "saveJson": true,
        "consoleReporter": "spec",
        "useInlineDiffs": false,
        "code": true
      },
      "version": "7.1.3"
    },
    "marge": {
      "options": null,
      "version": "6.2.0"
    }
  }
}